2023-10-16 21:39:38.727 [info] Log level: Info
2023-10-16 21:39:38.728 [info] Validating found git in: "git"
2023-10-16 21:39:38.728 [info] Using git "2.30.2" from "git"
2023-10-16 21:39:38.728 [info] > git rev-parse --show-toplevel [42ms]
2023-10-16 21:39:38.728 [info] fatal: not a git repository (or any of the parent directories): .git
2023-10-16 21:39:38.827 [info] > git rev-parse --show-toplevel [116ms]
2023-10-16 21:39:38.827 [info] fatal: not a git repository (or any of the parent directories): .git
2023-10-16 21:39:38.902 [info] > git rev-parse --show-toplevel [29ms]
2023-10-16 21:39:38.902 [info] fatal: not a git repository (or any of the parent directories): .git
2023-10-16 21:39:39.010 [info] > git rev-parse --show-toplevel [50ms]
2023-10-16 21:39:39.010 [info] fatal: not a git repository (or any of the parent directories): .git
2023-10-16 21:39:39.081 [info] > git rev-parse --show-toplevel [27ms]
2023-10-16 21:39:39.088 [info] fatal: not a git repository (or any of the parent directories): .git
2023-10-16 21:39:39.293 [info] > git rev-parse --show-toplevel [154ms]
2023-10-16 21:39:39.295 [info] fatal: not a git repository (or any of the parent directories): .git
2023-10-16 21:39:39.427 [info] > git rev-parse --show-toplevel [26ms]
2023-10-16 21:39:39.427 [info] fatal: not a git repository (or any of the parent directories): .git
2023-10-16 21:39:42.664 [info] > git rev-parse --show-toplevel [14ms]
2023-10-16 21:39:42.666 [info] fatal: not a git repository (or any of the parent directories): .git
2023-10-16 21:39:44.367 [info] > git rev-parse --show-toplevel [11ms]
2023-10-16 21:39:44.367 [info] fatal: not a git repository (or any of the parent directories): .git
2023-10-16 21:39:45.634 [info] > git rev-parse --show-toplevel [18ms]
2023-10-16 21:39:45.635 [info] fatal: not a git repository (or any of the parent directories): .git
2023-10-16 21:39:47.648 [info] > git rev-parse --show-toplevel [4ms]
2023-10-16 21:39:47.649 [info] fatal: not a git repository (or any of the parent directories): .git
2023-10-16 21:39:48.131 [info] > git rev-parse --show-toplevel [14ms]
2023-10-16 21:39:48.142 [info] fatal: not a git repository (or any of the parent directories): .git
2023-10-16 21:40:47.401 [info] > git rev-parse --show-toplevel [83ms]
2023-10-16 21:40:47.401 [info] fatal: not a git repository (or any of the parent directories): .git
2023-10-16 21:40:53.115 [info] > git rev-parse --show-toplevel [5ms]
2023-10-16 21:40:53.115 [info] fatal: not a git repository (or any of the parent directories): .git
2023-10-16 21:41:43.861 [info] > git rev-parse --show-toplevel [18ms]
2023-10-16 21:41:43.862 [info] fatal: not a git repository (or any of the parent directories): .git
