2023-10-16 21:19:33.591 [info] Added views:workbench.panel.markers.view in workbench.panel.markers
2023-10-16 21:19:33.591 [info] Added views:workbench.panel.output in workbench.panel.output
2023-10-16 21:19:33.591 [info] Added views:terminal in terminal
2023-10-16 21:19:33.592 [info] Added views:outline in workbench.view.explorer
2023-10-16 21:19:33.592 [info] Added views:workbench.scm in workbench.view.scm
2023-10-16 21:19:33.592 [info] Added views:workbench.view.search in workbench.view.search
2023-10-16 21:19:33.592 [info] Added views:timeline in workbench.view.explorer
2023-10-16 21:19:33.592 [info] Added views:workbench.explorer.emptyView in workbench.view.explorer
2023-10-16 21:19:37.460 [info] Added views:workbench.debug.welcome in workbench.view.debug
2023-10-16 21:19:42.813 [info] Added views:workbench.panel.repl.view in workbench.panel.repl
2023-10-16 21:19:54.814 [info] Added views:~remote.forwardedPorts in ~remote.forwardedPortsContainer
2023-10-16 21:24:38.270 [info] Added views:workbench.panel.markers.view in workbench.panel.markers
2023-10-16 21:24:38.271 [info] Added views:workbench.panel.output in workbench.panel.output
2023-10-16 21:24:38.271 [info] Added views:terminal in terminal
2023-10-16 21:24:38.271 [info] Added views:outline in workbench.view.explorer
2023-10-16 21:24:38.271 [info] Added views:workbench.scm in workbench.view.scm
2023-10-16 21:24:38.271 [info] Added views:workbench.view.search in workbench.view.search
2023-10-16 21:24:38.271 [info] Added views:timeline in workbench.view.explorer
2023-10-16 21:24:38.271 [info] Added views:workbench.explorer.fileView in workbench.view.explorer
2023-10-16 21:24:41.116 [info] Added views:workbench.debug.variablesView,workbench.debug.watchExpressionsView,workbench.debug.callStackView,workbench.debug.breakPointsView in workbench.view.debug
2023-10-16 21:24:42.826 [info] Added views:workbench.panel.repl.view in workbench.panel.repl
2023-10-16 21:24:42.851 [info] Removed views:workbench.debug.breakPointsView,workbench.debug.callStackView,workbench.debug.watchExpressionsView,workbench.debug.variablesView from workbench.view.debug
2023-10-16 21:24:42.889 [info] Added views:workbench.debug.welcome in workbench.view.debug
2023-10-16 21:24:45.408 [info] Added views:~remote.forwardedPorts in ~remote.forwardedPortsContainer
2023-10-16 21:27:47.561 [info] Added views:workbench.debug.breakPointsView in workbench.view.debug
2023-10-16 21:28:00.797 [info] Removed views:workbench.debug.welcome from workbench.view.debug
2023-10-16 21:28:01.243 [info] Added views:workbench.debug.variablesView,workbench.debug.watchExpressionsView,workbench.debug.callStackView in workbench.view.debug
2023-10-16 21:28:10.803 [info] Added views:workbench.views.extensions.installed,workbench.views.extensions.popular,extensions.recommendedList in workbench.view.extensions
2023-10-16 21:28:10.810 [info] Removed views:workbench.views.extensions.popular from workbench.view.extensions
2023-10-16 21:28:13.026 [info] Added views:workbench.views.extensions.popular in workbench.view.extensions
2023-10-16 21:28:47.035 [info] Removed views:extensions.recommendedList,workbench.views.extensions.popular,workbench.views.extensions.installed from workbench.view.extensions
2023-10-16 21:28:47.092 [info] Added views:workbench.views.extensions.marketplace in workbench.view.extensions
2023-10-16 21:30:28.089 [info] Removed views:workbench.views.extensions.marketplace from workbench.view.extensions
2023-10-16 21:30:28.265 [info] Added views:workbench.views.extensions.installed,workbench.views.extensions.popular,extensions.recommendedList in workbench.view.extensions
2023-10-16 21:30:30.066 [info] Removed views:extensions.recommendedList,workbench.views.extensions.popular,workbench.views.extensions.installed from workbench.view.extensions
2023-10-16 21:30:30.147 [info] Added views:workbench.views.extensions.marketplace in workbench.view.extensions
2023-10-16 21:34:30.476 [info] Removed views:workbench.views.extensions.marketplace from workbench.view.extensions
2023-10-16 21:34:30.586 [info] Added views:workbench.views.extensions.installed,workbench.views.extensions.popular,extensions.recommendedList in workbench.view.extensions
2023-10-16 21:35:47.361 [info] Removed views:extensions.recommendedList,workbench.views.extensions.popular,workbench.views.extensions.installed from workbench.view.extensions
2023-10-16 21:35:47.440 [info] Added views:workbench.views.extensions.marketplace in workbench.view.extensions
