2023-10-16 21:30:51.083 [info] Getting Manifest... techer.open-in-browser
2023-10-16 21:30:51.135 [info] Installing extension: techer.open-in-browser
2023-10-16 21:30:57.658 [info] Extension signature is verified: techer.open-in-browser
2023-10-16 21:30:57.856 [info] Extracted extension to file:///home/nachtt/.vscode/extensions/techer.open-in-browser-2.0.0: techer.open-in-browser
2023-10-16 21:30:57.881 [info] Renamed to /home/nachtt/.vscode/extensions/techer.open-in-browser-2.0.0
2023-10-16 21:30:57.888 [info] Extracting extension completed. techer.open-in-browser
2023-10-16 21:30:57.934 [info] Extension installed successfully: techer.open-in-browser
2023-10-16 21:30:58.007 [error] [uncaught exception in sharedProcess]: Error: ENOENT: no such file or directory, stat '/home/nachtt/.vscode/extensions/extensions.json.vsctmp': EntryNotFound (FileSystemError): Error: ENOENT: no such file or directory, stat '/home/nachtt/.vscode/extensions/extensions.json.vsctmp'
    at s.create (/usr/share/code/resources/app/out/vs/code/node/sharedProcess/sharedProcessMain.js:51:30209)
    at i (/usr/share/code/resources/app/out/vs/code/node/sharedProcess/sharedProcessMain.js:51:30329)
    at t.eb (/usr/share/code/resources/app/out/vs/code/node/sharedProcess/sharedProcessMain.js:56:35625)
    at t.stat (/usr/share/code/resources/app/out/vs/code/node/sharedProcess/sharedProcessMain.js:56:28201)
    at async w.stat (/usr/share/code/resources/app/out/vs/code/node/sharedProcess/sharedProcessMain.js:56:15579)
    at async Q.tb (/usr/share/code/resources/app/out/vs/code/node/sharedProcess/sharedProcessMain.js:109:9514)
2023-10-16 21:32:06.914 [info] Getting Manifest... peakchen90.open-html-in-browser
2023-10-16 21:32:06.971 [info] Installing extension: peakchen90.open-html-in-browser
2023-10-16 21:32:19.849 [info] Extension signature is verified: peakchen90.open-html-in-browser
2023-10-16 21:32:26.177 [info] Extracted extension to file:///home/nachtt/.vscode/extensions/peakchen90.open-html-in-browser-2.1.10: peakchen90.open-html-in-browser
2023-10-16 21:32:26.227 [info] Renamed to /home/nachtt/.vscode/extensions/peakchen90.open-html-in-browser-2.1.10
2023-10-16 21:32:26.243 [info] Extracting extension completed. peakchen90.open-html-in-browser
2023-10-16 21:32:26.322 [info] Extension installed successfully: peakchen90.open-html-in-browser
2023-10-16 21:32:26.379 [error] [uncaught exception in sharedProcess]: Error: ENOENT: no such file or directory, stat '/home/nachtt/.vscode/extensions/extensions.json.vsctmp': EntryNotFound (FileSystemError): Error: ENOENT: no such file or directory, stat '/home/nachtt/.vscode/extensions/extensions.json.vsctmp'
    at s.create (/usr/share/code/resources/app/out/vs/code/node/sharedProcess/sharedProcessMain.js:51:30209)
    at i (/usr/share/code/resources/app/out/vs/code/node/sharedProcess/sharedProcessMain.js:51:30329)
    at t.eb (/usr/share/code/resources/app/out/vs/code/node/sharedProcess/sharedProcessMain.js:56:35625)
    at t.stat (/usr/share/code/resources/app/out/vs/code/node/sharedProcess/sharedProcessMain.js:56:28201)
    at async w.stat (/usr/share/code/resources/app/out/vs/code/node/sharedProcess/sharedProcessMain.js:56:15579)
    at async Q.tb (/usr/share/code/resources/app/out/vs/code/node/sharedProcess/sharedProcessMain.js:109:9514)
2023-10-16 21:33:07.535 [info] Getting Manifest... wscats.cors-browser
2023-10-16 21:33:07.569 [info] Installing extension: wscats.cors-browser
2023-10-16 21:33:16.736 [info] Extension signature is verified: wscats.cors-browser
2023-10-16 21:33:17.358 [info] Extracted extension to file:///home/nachtt/.vscode/extensions/wscats.cors-browser-1.0.11: wscats.cors-browser
2023-10-16 21:33:17.380 [info] Renamed to /home/nachtt/.vscode/extensions/wscats.cors-browser-1.0.11
2023-10-16 21:33:17.388 [info] Extracting extension completed. wscats.cors-browser
2023-10-16 21:33:17.474 [info] Extension installed successfully: wscats.cors-browser
2023-10-16 21:33:17.491 [error] [uncaught exception in sharedProcess]: Error: ENOENT: no such file or directory, stat '/home/nachtt/.vscode/extensions/extensions.json.vsctmp': EntryNotFound (FileSystemError): Error: ENOENT: no such file or directory, stat '/home/nachtt/.vscode/extensions/extensions.json.vsctmp'
    at s.create (/usr/share/code/resources/app/out/vs/code/node/sharedProcess/sharedProcessMain.js:51:30209)
    at i (/usr/share/code/resources/app/out/vs/code/node/sharedProcess/sharedProcessMain.js:51:30329)
    at t.eb (/usr/share/code/resources/app/out/vs/code/node/sharedProcess/sharedProcessMain.js:56:35625)
    at t.stat (/usr/share/code/resources/app/out/vs/code/node/sharedProcess/sharedProcessMain.js:56:28201)
    at async w.stat (/usr/share/code/resources/app/out/vs/code/node/sharedProcess/sharedProcessMain.js:56:15579)
    at async Q.tb (/usr/share/code/resources/app/out/vs/code/node/sharedProcess/sharedProcessMain.js:109:9514)
2023-10-16 21:35:33.048 [info] Uninstalling extension from the profile: wscats.cors-browser@1.0.11 vscode-userdata:/home/nachtt/.vscode/extensions/extensions.json
2023-10-16 21:35:33.251 [info] Marked extension as uninstalled wscats.cors-browser-1.0.11
2023-10-16 21:35:33.278 [error] [uncaught exception in sharedProcess]: Error: ENOENT: no such file or directory, stat '/home/nachtt/.vscode/extensions/extensions.json.vsctmp': EntryNotFound (FileSystemError): Error: ENOENT: no such file or directory, stat '/home/nachtt/.vscode/extensions/extensions.json.vsctmp'
    at s.create (/usr/share/code/resources/app/out/vs/code/node/sharedProcess/sharedProcessMain.js:51:30209)
    at i (/usr/share/code/resources/app/out/vs/code/node/sharedProcess/sharedProcessMain.js:51:30329)
    at t.eb (/usr/share/code/resources/app/out/vs/code/node/sharedProcess/sharedProcessMain.js:56:35625)
    at t.stat (/usr/share/code/resources/app/out/vs/code/node/sharedProcess/sharedProcessMain.js:56:28201)
    at async w.stat (/usr/share/code/resources/app/out/vs/code/node/sharedProcess/sharedProcessMain.js:56:15579)
    at async Q.tb (/usr/share/code/resources/app/out/vs/code/node/sharedProcess/sharedProcessMain.js:109:9514)
2023-10-16 21:35:33.887 [info] Successfully uninstalled extension from the profile wscats.cors-browser@1.0.11 vscode-userdata:/home/nachtt/.vscode/extensions/extensions.json
2023-10-16 21:35:41.803 [info] Uninstalling extension from the profile: techer.open-in-browser@2.0.0 vscode-userdata:/home/nachtt/.vscode/extensions/extensions.json
2023-10-16 21:35:41.946 [info] Marked extension as uninstalled techer.open-in-browser-2.0.0
2023-10-16 21:35:42.030 [error] [uncaught exception in sharedProcess]: Error: ENOENT: no such file or directory, stat '/home/nachtt/.vscode/extensions/extensions.json.vsctmp': EntryNotFound (FileSystemError): Error: ENOENT: no such file or directory, stat '/home/nachtt/.vscode/extensions/extensions.json.vsctmp'
    at s.create (/usr/share/code/resources/app/out/vs/code/node/sharedProcess/sharedProcessMain.js:51:30209)
    at i (/usr/share/code/resources/app/out/vs/code/node/sharedProcess/sharedProcessMain.js:51:30329)
    at t.eb (/usr/share/code/resources/app/out/vs/code/node/sharedProcess/sharedProcessMain.js:56:35625)
    at t.stat (/usr/share/code/resources/app/out/vs/code/node/sharedProcess/sharedProcessMain.js:56:28201)
    at async w.stat (/usr/share/code/resources/app/out/vs/code/node/sharedProcess/sharedProcessMain.js:56:15579)
    at async Q.tb (/usr/share/code/resources/app/out/vs/code/node/sharedProcess/sharedProcessMain.js:109:9514)
2023-10-16 21:35:42.594 [info] Successfully uninstalled extension from the profile techer.open-in-browser@2.0.0 vscode-userdata:/home/nachtt/.vscode/extensions/extensions.json
2023-10-16 21:36:27.468 [info] Uninstalling extension from the profile: peakchen90.open-html-in-browser@2.1.10 vscode-userdata:/home/nachtt/.vscode/extensions/extensions.json
2023-10-16 21:36:28.024 [error] [uncaught exception in sharedProcess]: Error: ENOENT: no such file or directory, stat '/home/nachtt/.vscode/extensions/extensions.json.vsctmp': EntryNotFound (FileSystemError): Error: ENOENT: no such file or directory, stat '/home/nachtt/.vscode/extensions/extensions.json.vsctmp'
    at s.create (/usr/share/code/resources/app/out/vs/code/node/sharedProcess/sharedProcessMain.js:51:30209)
    at i (/usr/share/code/resources/app/out/vs/code/node/sharedProcess/sharedProcessMain.js:51:30329)
    at t.eb (/usr/share/code/resources/app/out/vs/code/node/sharedProcess/sharedProcessMain.js:56:35625)
    at t.stat (/usr/share/code/resources/app/out/vs/code/node/sharedProcess/sharedProcessMain.js:56:28201)
    at async w.stat (/usr/share/code/resources/app/out/vs/code/node/sharedProcess/sharedProcessMain.js:56:15579)
    at async Q.tb (/usr/share/code/resources/app/out/vs/code/node/sharedProcess/sharedProcessMain.js:109:9514)
2023-10-16 21:36:28.145 [info] Marked extension as uninstalled peakchen90.open-html-in-browser-2.1.10
2023-10-16 21:36:28.429 [info] Successfully uninstalled extension from the profile peakchen90.open-html-in-browser@2.1.10 vscode-userdata:/home/nachtt/.vscode/extensions/extensions.json
2023-10-16 21:38:25.331 [info] Getting Manifest... techer.open-in-browser
2023-10-16 21:38:25.640 [info] Installing extension: techer.open-in-browser
2023-10-16 21:38:39.178 [info] Extension signature is verified: techer.open-in-browser
2023-10-16 21:38:39.399 [info] Removed the extension from uninstalled list: techer.open-in-browser
2023-10-16 21:38:39.737 [info] Extension installed successfully: techer.open-in-browser
2023-10-16 21:38:39.799 [error] [uncaught exception in sharedProcess]: Error: ENOENT: no such file or directory, stat '/home/nachtt/.vscode/extensions/extensions.json.vsctmp': EntryNotFound (FileSystemError): Error: ENOENT: no such file or directory, stat '/home/nachtt/.vscode/extensions/extensions.json.vsctmp'
    at s.create (/usr/share/code/resources/app/out/vs/code/node/sharedProcess/sharedProcessMain.js:51:30209)
    at i (/usr/share/code/resources/app/out/vs/code/node/sharedProcess/sharedProcessMain.js:51:30329)
    at t.eb (/usr/share/code/resources/app/out/vs/code/node/sharedProcess/sharedProcessMain.js:56:35625)
    at t.stat (/usr/share/code/resources/app/out/vs/code/node/sharedProcess/sharedProcessMain.js:56:28201)
    at async w.stat (/usr/share/code/resources/app/out/vs/code/node/sharedProcess/sharedProcessMain.js:56:15579)
    at async Q.tb (/usr/share/code/resources/app/out/vs/code/node/sharedProcess/sharedProcessMain.js:109:9514)
