2023-10-16 21:19:48.091 [info] Log level: Info
2023-10-16 21:19:48.091 [info] Validating found git in: "git"
2023-10-16 21:19:48.091 [info] Using git "2.30.2" from "git"
2023-10-16 21:24:57.158 [info] Log level: Info
2023-10-16 21:24:57.158 [info] Validating found git in: "git"
2023-10-16 21:24:57.158 [info] Using git "2.30.2" from "git"
2023-10-16 21:24:57.190 [info] > git rev-parse --show-toplevel [80ms]
2023-10-16 21:24:57.190 [info] fatal: not a git repository (or any of the parent directories): .git
2023-10-16 21:24:57.308 [info] > git rev-parse --show-toplevel [47ms]
2023-10-16 21:24:57.315 [info] fatal: not a git repository (or any of the parent directories): .git
2023-10-16 21:24:57.429 [info] > git rev-parse --show-toplevel [86ms]
2023-10-16 21:24:57.429 [info] fatal: not a git repository (or any of the parent directories): .git
2023-10-16 21:24:57.519 [info] > git rev-parse --show-toplevel [25ms]
2023-10-16 21:24:57.520 [info] fatal: not a git repository (or any of the parent directories): .git
2023-10-16 21:24:57.558 [info] > git rev-parse --show-toplevel [14ms]
2023-10-16 21:24:57.558 [info] fatal: not a git repository (or any of the parent directories): .git
2023-10-16 21:24:57.591 [info] > git rev-parse --show-toplevel [21ms]
2023-10-16 21:24:57.591 [info] fatal: not a git repository (or any of the parent directories): .git
2023-10-16 21:24:57.617 [info] > git rev-parse --show-toplevel [2ms]
2023-10-16 21:24:57.617 [info] fatal: not a git repository (or any of the parent directories): .git
2023-10-16 21:28:01.104 [info] > git rev-parse --show-toplevel [45ms]
2023-10-16 21:28:01.104 [info] fatal: not a git repository (or any of the parent directories): .git
2023-10-16 21:28:01.947 [info] > git rev-parse --show-toplevel [215ms]
2023-10-16 21:28:01.948 [info] fatal: not a git repository (or any of the parent directories): .git
2023-10-16 21:28:08.943 [info] > git rev-parse --show-toplevel [10ms]
2023-10-16 21:28:08.944 [info] fatal: not a git repository (or any of the parent directories): .git
2023-10-16 21:30:58.405 [info] > git rev-parse --show-toplevel [17ms]
2023-10-16 21:30:58.406 [info] fatal: not a git repository (or any of the parent directories): .git
2023-10-16 21:30:58.678 [warning] Failed to get repository realpath for: "/home/nachtt/.vscode/extensions/.582201e1-e24e-4842-8528-3ef53308f209/". Error: ENOENT: no such file or directory, realpath '/home/nachtt/.vscode/extensions/.582201e1-e24e-4842-8528-3ef53308f209/'
2023-10-16 21:31:04.957 [info] > git rev-parse --show-toplevel [15ms]
2023-10-16 21:31:04.958 [info] fatal: not a git repository (or any of the parent directories): .git
2023-10-16 21:32:26.850 [info] > git rev-parse --show-toplevel [137ms]
2023-10-16 21:32:26.857 [info] fatal: not a git repository (or any of the parent directories): .git
2023-10-16 21:32:36.286 [info] > git rev-parse --show-toplevel [38ms]
2023-10-16 21:32:36.286 [info] fatal: not a git repository (or any of the parent directories): .git
2023-10-16 21:33:24.584 [info] > git rev-parse --show-toplevel [12ms]
2023-10-16 21:33:24.585 [info] fatal: not a git repository (or any of the parent directories): .git
2023-10-16 21:33:50.969 [info] > git rev-parse --show-toplevel [9ms]
2023-10-16 21:33:50.970 [info] fatal: not a git repository (or any of the parent directories): .git
2023-10-16 21:34:49.486 [info] > git rev-parse --show-toplevel [7ms]
2023-10-16 21:34:49.487 [info] fatal: not a git repository (or any of the parent directories): .git
2023-10-16 21:34:56.198 [info] > git rev-parse --show-toplevel [11ms]
2023-10-16 21:34:56.198 [info] fatal: not a git repository (or any of the parent directories): .git
2023-10-16 21:36:29.928 [info] > git rev-parse --show-toplevel [51ms]
2023-10-16 21:36:29.940 [info] fatal: not a git repository (or any of the parent directories): .git
2023-10-16 21:36:38.729 [info] > git rev-parse --show-toplevel [87ms]
2023-10-16 21:36:38.738 [info] fatal: not a git repository (or any of the parent directories): .git
2023-10-16 21:38:43.337 [info] > git rev-parse --show-toplevel [56ms]
2023-10-16 21:38:43.339 [info] fatal: not a git repository (or any of the parent directories): .git
