2023-10-23 01:47:43.655 [info] Extension host with pid 389 started
2023-10-23 01:47:43.656 [info] Skipping acquiring lock for /home/nachtt/.config/Code/User/workspaceStorage/c276f590a7a8b293bedcb4a6ef476c30.
2023-10-23 01:47:43.904 [info] ExtensionService#_doActivateExtension vscode.git-base, startup: true, activationEvent: '*', root cause: vscode.git
2023-10-23 01:47:43.969 [info] ExtensionService#_doActivateExtension vscode.git, startup: true, activationEvent: '*'
2023-10-23 01:47:44.166 [info] ExtensionService#_doActivateExtension vscode.github, startup: true, activationEvent: '*'
2023-10-23 01:47:44.581 [info] Eager extensions activated
2023-10-23 01:47:44.887 [info] ExtensionService#_doActivateExtension vscode.debug-auto-launch, startup: false, activationEvent: 'onStartupFinished'
2023-10-23 01:47:44.937 [info] ExtensionService#_doActivateExtension vscode.merge-conflict, startup: false, activationEvent: 'onStartupFinished'
2023-10-23 01:47:51.945 [info] ExtensionService#_doActivateExtension vscode.emmet, startup: false, activationEvent: 'onLanguage'
2023-10-23 01:51:24.990 [info] ExtensionService#_doActivateExtension vscode.html-language-features, startup: false, activationEvent: 'onLanguage:html'
2023-10-23 01:51:59.179 [info] ExtensionService#_doActivateExtension vscode.debug-server-ready, startup: false, activationEvent: 'onDebugResolve'
2023-10-23 01:51:59.195 [info] ExtensionService#_doActivateExtension ms-vscode.js-debug, startup: false, activationEvent: 'onDebugResolve:msedge'
2023-10-23 01:52:24.608 [info] ExtensionService#_doActivateExtension vscode.json-language-features, startup: false, activationEvent: 'onLanguage:jsonc'
2023-10-23 01:52:25.004 [info] ExtensionService#_doActivateExtension vscode.typescript-language-features, startup: false, activationEvent: 'onLanguage:jsonc'
2023-10-23 02:16:21.545 [info] ExtensionService#_doActivateExtension vscode.css-language-features, startup: false, activationEvent: 'onLanguage:css'
2023-10-23 05:23:05.901 [warning] [Decorations] CAPPING events from decorations provider vscode.git 820
2023-10-23 05:23:06.497 [warning] [Decorations] CAPPING events from decorations provider vscode.git 820
2023-10-23 05:23:08.419 [warning] [Decorations] CAPPING events from decorations provider vscode.git 820
2023-10-23 05:23:13.505 [warning] [Decorations] CAPPING events from decorations provider vscode.git 820
2023-10-23 05:23:18.591 [warning] [Decorations] CAPPING events from decorations provider vscode.git 820
2023-10-23 05:23:23.674 [warning] [Decorations] CAPPING events from decorations provider vscode.git 820
2023-10-23 05:23:28.755 [warning] [Decorations] CAPPING events from decorations provider vscode.git 820
2023-10-23 05:23:33.849 [warning] [Decorations] CAPPING events from decorations provider vscode.git 820
2023-10-23 05:23:38.928 [warning] [Decorations] CAPPING events from decorations provider vscode.git 820
2023-10-23 05:23:44.028 [warning] [Decorations] CAPPING events from decorations provider vscode.git 820
2023-10-23 05:23:49.110 [warning] [Decorations] CAPPING events from decorations provider vscode.git 820
2023-10-23 05:23:54.207 [warning] [Decorations] CAPPING events from decorations provider vscode.git 820
2023-10-23 05:23:59.317 [warning] [Decorations] CAPPING events from decorations provider vscode.git 820
2023-10-23 05:24:04.413 [warning] [Decorations] CAPPING events from decorations provider vscode.git 820
2023-10-23 05:24:09.500 [warning] [Decorations] CAPPING events from decorations provider vscode.git 820
2023-10-23 05:24:14.599 [warning] [Decorations] CAPPING events from decorations provider vscode.git 820
2023-10-23 05:24:19.685 [warning] [Decorations] CAPPING events from decorations provider vscode.git 820
2023-10-23 05:24:24.781 [warning] [Decorations] CAPPING events from decorations provider vscode.git 820
2023-10-23 05:24:29.953 [warning] [Decorations] CAPPING events from decorations provider vscode.git 820
2023-10-23 05:24:35.028 [warning] [Decorations] CAPPING events from decorations provider vscode.git 820
2023-10-23 05:24:40.111 [warning] [Decorations] CAPPING events from decorations provider vscode.git 820
2023-10-23 05:24:45.194 [warning] [Decorations] CAPPING events from decorations provider vscode.git 820
2023-10-23 05:24:50.272 [warning] [Decorations] CAPPING events from decorations provider vscode.git 820
2023-10-23 05:24:55.353 [warning] [Decorations] CAPPING events from decorations provider vscode.git 820
2023-10-23 05:25:00.455 [warning] [Decorations] CAPPING events from decorations provider vscode.git 820
2023-10-23 05:25:05.546 [warning] [Decorations] CAPPING events from decorations provider vscode.git 820
2023-10-23 05:25:10.632 [warning] [Decorations] CAPPING events from decorations provider vscode.git 820
2023-10-23 05:25:15.713 [warning] [Decorations] CAPPING events from decorations provider vscode.git 820
2023-10-23 05:25:20.793 [warning] [Decorations] CAPPING events from decorations provider vscode.git 820
2023-10-23 05:25:25.881 [warning] [Decorations] CAPPING events from decorations provider vscode.git 820
2023-10-23 05:25:30.996 [warning] [Decorations] CAPPING events from decorations provider vscode.git 820
2023-10-23 05:25:36.128 [warning] [Decorations] CAPPING events from decorations provider vscode.git 820
2023-10-23 05:25:41.218 [warning] [Decorations] CAPPING events from decorations provider vscode.git 820
2023-10-23 05:25:46.308 [warning] [Decorations] CAPPING events from decorations provider vscode.git 820
2023-10-23 05:25:51.406 [warning] [Decorations] CAPPING events from decorations provider vscode.git 820
2023-10-23 05:25:56.484 [warning] [Decorations] CAPPING events from decorations provider vscode.git 820
2023-10-23 05:26:01.570 [warning] [Decorations] CAPPING events from decorations provider vscode.git 820
2023-10-23 05:26:06.677 [warning] [Decorations] CAPPING events from decorations provider vscode.git 820
2023-10-23 05:26:11.757 [warning] [Decorations] CAPPING events from decorations provider vscode.git 820
2023-10-23 05:26:16.848 [warning] [Decorations] CAPPING events from decorations provider vscode.git 820
2023-10-23 05:26:21.929 [warning] [Decorations] CAPPING events from decorations provider vscode.git 820
2023-10-23 05:26:27.008 [warning] [Decorations] CAPPING events from decorations provider vscode.git 820
2023-10-23 05:26:32.127 [warning] [Decorations] CAPPING events from decorations provider vscode.git 820
2023-10-23 05:26:37.221 [warning] [Decorations] CAPPING events from decorations provider vscode.git 820
2023-10-23 05:26:42.330 [warning] [Decorations] CAPPING events from decorations provider vscode.git 820
2023-10-23 05:26:47.419 [warning] [Decorations] CAPPING events from decorations provider vscode.git 820
2023-10-23 05:26:52.504 [warning] [Decorations] CAPPING events from decorations provider vscode.git 820
2023-10-23 05:26:57.591 [warning] [Decorations] CAPPING events from decorations provider vscode.git 820
2023-10-23 05:27:02.697 [warning] [Decorations] CAPPING events from decorations provider vscode.git 820
2023-10-23 05:27:07.778 [warning] [Decorations] CAPPING events from decorations provider vscode.git 820
2023-10-23 05:27:12.858 [warning] [Decorations] CAPPING events from decorations provider vscode.git 820
2023-10-23 05:27:17.937 [warning] [Decorations] CAPPING events from decorations provider vscode.git 820
2023-10-23 05:27:23.024 [warning] [Decorations] CAPPING events from decorations provider vscode.git 820
2023-10-23 05:27:28.116 [warning] [Decorations] CAPPING events from decorations provider vscode.git 820
2023-10-23 05:27:33.199 [warning] [Decorations] CAPPING events from decorations provider vscode.git 820
2023-10-23 05:27:38.289 [warning] [Decorations] CAPPING events from decorations provider vscode.git 820
2023-10-23 05:27:43.392 [warning] [Decorations] CAPPING events from decorations provider vscode.git 820
2023-10-23 05:27:48.472 [warning] [Decorations] CAPPING events from decorations provider vscode.git 820
2023-10-23 05:27:53.554 [warning] [Decorations] CAPPING events from decorations provider vscode.git 820
2023-10-23 05:27:58.638 [warning] [Decorations] CAPPING events from decorations provider vscode.git 820
2023-10-23 05:28:03.728 [warning] [Decorations] CAPPING events from decorations provider vscode.git 820
2023-10-23 05:28:08.816 [warning] [Decorations] CAPPING events from decorations provider vscode.git 820
2023-10-23 05:28:13.918 [warning] [Decorations] CAPPING events from decorations provider vscode.git 820
2023-10-23 05:28:19.037 [warning] [Decorations] CAPPING events from decorations provider vscode.git 820
2023-10-23 05:28:24.168 [warning] [Decorations] CAPPING events from decorations provider vscode.git 820
2023-10-23 05:28:29.269 [warning] [Decorations] CAPPING events from decorations provider vscode.git 820
2023-10-23 05:28:34.351 [warning] [Decorations] CAPPING events from decorations provider vscode.git 820
2023-10-23 05:28:39.444 [warning] [Decorations] CAPPING events from decorations provider vscode.git 820
2023-10-23 05:28:44.541 [warning] [Decorations] CAPPING events from decorations provider vscode.git 820
2023-10-23 05:28:49.622 [warning] [Decorations] CAPPING events from decorations provider vscode.git 820
2023-10-23 05:28:54.742 [warning] [Decorations] CAPPING events from decorations provider vscode.git 820
2023-10-23 05:28:59.886 [warning] [Decorations] CAPPING events from decorations provider vscode.git 820
2023-10-23 05:29:04.973 [warning] [Decorations] CAPPING events from decorations provider vscode.git 820
2023-10-23 05:29:10.052 [warning] [Decorations] CAPPING events from decorations provider vscode.git 820
2023-10-23 05:29:15.135 [warning] [Decorations] CAPPING events from decorations provider vscode.git 820
2023-10-23 05:29:20.215 [warning] [Decorations] CAPPING events from decorations provider vscode.git 820
2023-10-23 05:29:25.422 [warning] [Decorations] CAPPING events from decorations provider vscode.git 820
2023-10-23 05:29:30.505 [warning] [Decorations] CAPPING events from decorations provider vscode.git 820
2023-10-23 05:29:35.589 [warning] [Decorations] CAPPING events from decorations provider vscode.git 820
2023-10-23 05:29:40.669 [warning] [Decorations] CAPPING events from decorations provider vscode.git 820
2023-10-23 05:29:45.750 [warning] [Decorations] CAPPING events from decorations provider vscode.git 820
2023-10-23 05:29:50.837 [warning] [Decorations] CAPPING events from decorations provider vscode.git 820
2023-10-23 05:29:55.933 [warning] [Decorations] CAPPING events from decorations provider vscode.git 820
2023-10-23 05:30:01.023 [warning] [Decorations] CAPPING events from decorations provider vscode.git 820
2023-10-23 05:30:06.108 [warning] [Decorations] CAPPING events from decorations provider vscode.git 820
2023-10-23 05:30:11.195 [warning] [Decorations] CAPPING events from decorations provider vscode.git 820
2023-10-23 05:30:16.278 [warning] [Decorations] CAPPING events from decorations provider vscode.git 820
2023-10-23 05:30:21.368 [warning] [Decorations] CAPPING events from decorations provider vscode.git 820
2023-10-23 05:30:26.450 [warning] [Decorations] CAPPING events from decorations provider vscode.git 820
2023-10-23 05:30:31.534 [warning] [Decorations] CAPPING events from decorations provider vscode.git 820
2023-10-23 05:30:36.611 [warning] [Decorations] CAPPING events from decorations provider vscode.git 820
2023-10-23 05:30:41.702 [warning] [Decorations] CAPPING events from decorations provider vscode.git 820
2023-10-23 05:30:46.796 [warning] [Decorations] CAPPING events from decorations provider vscode.git 820
2023-10-23 05:30:51.889 [warning] [Decorations] CAPPING events from decorations provider vscode.git 820
2023-10-23 05:30:56.989 [warning] [Decorations] CAPPING events from decorations provider vscode.git 820
2023-10-23 05:31:02.072 [warning] [Decorations] CAPPING events from decorations provider vscode.git 820
2023-10-23 05:31:07.165 [warning] [Decorations] CAPPING events from decorations provider vscode.git 820
2023-10-23 05:31:12.246 [warning] [Decorations] CAPPING events from decorations provider vscode.git 820
2023-10-23 05:31:17.331 [warning] [Decorations] CAPPING events from decorations provider vscode.git 820
2023-10-23 05:31:22.418 [warning] [Decorations] CAPPING events from decorations provider vscode.git 820
2023-10-23 05:31:27.573 [warning] [Decorations] CAPPING events from decorations provider vscode.git 820
2023-10-23 05:31:32.653 [warning] [Decorations] CAPPING events from decorations provider vscode.git 820
2023-10-23 05:31:37.729 [warning] [Decorations] CAPPING events from decorations provider vscode.git 820
2023-10-23 05:31:42.812 [warning] [Decorations] CAPPING events from decorations provider vscode.git 820
2023-10-23 05:31:47.893 [warning] [Decorations] CAPPING events from decorations provider vscode.git 820
2023-10-23 05:31:52.994 [warning] [Decorations] CAPPING events from decorations provider vscode.git 820
2023-10-23 05:31:58.119 [warning] [Decorations] CAPPING events from decorations provider vscode.git 820
2023-10-23 05:32:03.226 [warning] [Decorations] CAPPING events from decorations provider vscode.git 820
2023-10-23 05:32:08.308 [warning] [Decorations] CAPPING events from decorations provider vscode.git 820
2023-10-23 05:32:13.392 [warning] [Decorations] CAPPING events from decorations provider vscode.git 820
2023-10-23 05:32:18.473 [warning] [Decorations] CAPPING events from decorations provider vscode.git 820
2023-10-23 05:32:23.555 [warning] [Decorations] CAPPING events from decorations provider vscode.git 820
2023-10-23 05:32:28.701 [warning] [Decorations] CAPPING events from decorations provider vscode.git 820
2023-10-23 05:32:33.781 [warning] [Decorations] CAPPING events from decorations provider vscode.git 820
2023-10-23 05:32:38.860 [warning] [Decorations] CAPPING events from decorations provider vscode.git 820
2023-10-23 05:32:43.959 [warning] [Decorations] CAPPING events from decorations provider vscode.git 820
2023-10-23 05:32:49.038 [warning] [Decorations] CAPPING events from decorations provider vscode.git 820
2023-10-23 05:32:54.122 [warning] [Decorations] CAPPING events from decorations provider vscode.git 820
2023-10-23 05:32:59.208 [warning] [Decorations] CAPPING events from decorations provider vscode.git 820
2023-10-23 05:33:04.288 [warning] [Decorations] CAPPING events from decorations provider vscode.git 820
2023-10-23 05:33:09.369 [warning] [Decorations] CAPPING events from decorations provider vscode.git 820
2023-10-23 05:33:14.455 [warning] [Decorations] CAPPING events from decorations provider vscode.git 820
2023-10-23 05:33:19.537 [warning] [Decorations] CAPPING events from decorations provider vscode.git 820
2023-10-23 05:33:24.626 [warning] [Decorations] CAPPING events from decorations provider vscode.git 820
2023-10-23 05:33:29.710 [warning] [Decorations] CAPPING events from decorations provider vscode.git 820
2023-10-23 05:33:34.816 [warning] [Decorations] CAPPING events from decorations provider vscode.git 820
2023-10-23 05:33:39.898 [warning] [Decorations] CAPPING events from decorations provider vscode.git 820
2023-10-23 05:33:44.982 [warning] [Decorations] CAPPING events from decorations provider vscode.git 820
2023-10-23 05:33:50.070 [warning] [Decorations] CAPPING events from decorations provider vscode.git 820
2023-10-23 05:33:55.146 [warning] [Decorations] CAPPING events from decorations provider vscode.git 820
2023-10-23 05:34:00.232 [warning] [Decorations] CAPPING events from decorations provider vscode.git 820
2023-10-23 05:34:05.333 [warning] [Decorations] CAPPING events from decorations provider vscode.git 820
2023-10-23 05:34:10.411 [warning] [Decorations] CAPPING events from decorations provider vscode.git 820
2023-10-23 05:34:15.493 [warning] [Decorations] CAPPING events from decorations provider vscode.git 820
2023-10-23 05:34:20.672 [warning] [Decorations] CAPPING events from decorations provider vscode.git 820
2023-10-23 05:34:25.769 [warning] [Decorations] CAPPING events from decorations provider vscode.git 820
2023-10-23 05:34:30.872 [warning] [Decorations] CAPPING events from decorations provider vscode.git 820
2023-10-23 05:34:35.953 [warning] [Decorations] CAPPING events from decorations provider vscode.git 820
2023-10-23 05:34:41.038 [warning] [Decorations] CAPPING events from decorations provider vscode.git 820
2023-10-23 05:34:46.124 [warning] [Decorations] CAPPING events from decorations provider vscode.git 820
2023-10-23 05:34:51.308 [warning] [Decorations] CAPPING events from decorations provider vscode.git 820
2023-10-23 05:34:56.390 [warning] [Decorations] CAPPING events from decorations provider vscode.git 820
2023-10-23 05:35:01.478 [warning] [Decorations] CAPPING events from decorations provider vscode.git 820
2023-10-23 05:35:06.569 [warning] [Decorations] CAPPING events from decorations provider vscode.git 820
2023-10-23 05:35:11.650 [warning] [Decorations] CAPPING events from decorations provider vscode.git 820
2023-10-23 05:35:16.729 [warning] [Decorations] CAPPING events from decorations provider vscode.git 820
2023-10-23 05:35:21.836 [warning] [Decorations] CAPPING events from decorations provider vscode.git 820
2023-10-23 05:35:26.933 [warning] [Decorations] CAPPING events from decorations provider vscode.git 820
2023-10-23 05:35:32.014 [warning] [Decorations] CAPPING events from decorations provider vscode.git 820
2023-10-23 05:35:37.095 [warning] [Decorations] CAPPING events from decorations provider vscode.git 820
2023-10-23 05:35:42.177 [warning] [Decorations] CAPPING events from decorations provider vscode.git 820
2023-10-23 05:35:47.266 [warning] [Decorations] CAPPING events from decorations provider vscode.git 820
2023-10-23 05:35:52.402 [warning] [Decorations] CAPPING events from decorations provider vscode.git 820
2023-10-23 05:35:57.498 [warning] [Decorations] CAPPING events from decorations provider vscode.git 820
2023-10-23 05:36:02.583 [warning] [Decorations] CAPPING events from decorations provider vscode.git 820
2023-10-23 05:36:07.666 [warning] [Decorations] CAPPING events from decorations provider vscode.git 820
2023-10-23 05:36:12.754 [warning] [Decorations] CAPPING events from decorations provider vscode.git 820
2023-10-23 05:36:17.836 [warning] [Decorations] CAPPING events from decorations provider vscode.git 820
2023-10-23 05:36:22.979 [warning] [Decorations] CAPPING events from decorations provider vscode.git 820
2023-10-23 05:36:28.065 [warning] [Decorations] CAPPING events from decorations provider vscode.git 820
2023-10-23 05:36:33.148 [warning] [Decorations] CAPPING events from decorations provider vscode.git 820
2023-10-23 05:36:38.227 [warning] [Decorations] CAPPING events from decorations provider vscode.git 820
2023-10-23 05:36:43.311 [warning] [Decorations] CAPPING events from decorations provider vscode.git 820
2023-10-23 05:36:48.394 [warning] [Decorations] CAPPING events from decorations provider vscode.git 820
2023-10-23 05:36:53.547 [warning] [Decorations] CAPPING events from decorations provider vscode.git 820
2023-10-23 05:36:58.647 [warning] [Decorations] CAPPING events from decorations provider vscode.git 820
2023-10-23 05:37:03.728 [warning] [Decorations] CAPPING events from decorations provider vscode.git 820
2023-10-23 05:37:08.828 [warning] [Decorations] CAPPING events from decorations provider vscode.git 820
2023-10-23 05:37:13.952 [warning] [Decorations] CAPPING events from decorations provider vscode.git 820
2023-10-23 05:37:19.046 [warning] [Decorations] CAPPING events from decorations provider vscode.git 820
2023-10-23 05:37:24.166 [warning] [Decorations] CAPPING events from decorations provider vscode.git 820
2023-10-23 05:37:29.280 [warning] [Decorations] CAPPING events from decorations provider vscode.git 820
2023-10-23 05:37:34.364 [warning] [Decorations] CAPPING events from decorations provider vscode.git 820
2023-10-23 05:37:39.444 [warning] [Decorations] CAPPING events from decorations provider vscode.git 820
2023-10-23 05:37:44.524 [warning] [Decorations] CAPPING events from decorations provider vscode.git 820
2023-10-23 05:37:49.617 [warning] [Decorations] CAPPING events from decorations provider vscode.git 820
2023-10-23 05:37:54.782 [warning] [Decorations] CAPPING events from decorations provider vscode.git 820
2023-10-23 05:37:59.867 [warning] [Decorations] CAPPING events from decorations provider vscode.git 820
2023-10-23 05:38:04.947 [warning] [Decorations] CAPPING events from decorations provider vscode.git 820
2023-10-23 05:38:10.054 [warning] [Decorations] CAPPING events from decorations provider vscode.git 820
2023-10-23 05:38:15.131 [warning] [Decorations] CAPPING events from decorations provider vscode.git 820
2023-10-23 05:38:20.212 [warning] [Decorations] CAPPING events from decorations provider vscode.git 820
2023-10-23 05:38:25.334 [warning] [Decorations] CAPPING events from decorations provider vscode.git 820
2023-10-23 05:38:30.430 [warning] [Decorations] CAPPING events from decorations provider vscode.git 820
2023-10-23 05:38:35.540 [warning] [Decorations] CAPPING events from decorations provider vscode.git 820
2023-10-23 05:38:40.673 [warning] [Decorations] CAPPING events from decorations provider vscode.git 820
