2023-10-16 21:19:38.655 [info] Extension host with pid 394 started
2023-10-16 21:19:42.768 [info] ExtensionService#_doActivateExtension vscode.emmet, startup: false, activationEvent: 'onLanguage'
2023-10-16 21:19:42.916 [info] ExtensionService#_doActivateExtension vscode.html-language-features, startup: false, activationEvent: 'onLanguage:html'
2023-10-16 21:19:43.522 [info] ExtensionService#_doActivateExtension vscode.git-base, startup: true, activationEvent: '*', root cause: vscode.git
2023-10-16 21:19:45.491 [info] ExtensionService#_doActivateExtension vscode.git, startup: true, activationEvent: '*'
2023-10-16 21:19:46.073 [info] ExtensionService#_doActivateExtension vscode.github, startup: true, activationEvent: '*'
2023-10-16 21:19:47.910 [info] Eager extensions activated
2023-10-16 21:19:49.392 [info] ExtensionService#_doActivateExtension vscode.debug-auto-launch, startup: false, activationEvent: 'onStartupFinished'
2023-10-16 21:19:49.445 [info] ExtensionService#_doActivateExtension vscode.merge-conflict, startup: false, activationEvent: 'onStartupFinished'
2023-10-16 21:24:35.833 [info] Extension host terminating: renderer closed the MessagePort
2023-10-16 21:24:36.073 [info] Extension host with pid 394 exiting with code 0
2023-10-16 21:24:42.538 [info] Extension host with pid 1226 started
2023-10-16 21:24:42.538 [info] Skipping acquiring lock for /home/nachtt/.config/Code/User/workspaceStorage/c276f590a7a8b293bedcb4a6ef476c30.
2023-10-16 21:24:42.841 [info] ExtensionService#_doActivateExtension vscode.git-base, startup: true, activationEvent: '*'
2023-10-16 21:24:43.386 [info] ExtensionService#_doActivateExtension vscode.github, startup: true, activationEvent: '*'
2023-10-16 21:24:43.622 [info] Eager extensions activated
2023-10-16 21:24:44.492 [info] ExtensionService#_doActivateExtension vscode.debug-auto-launch, startup: false, activationEvent: 'onStartupFinished'
2023-10-16 21:24:44.503 [info] ExtensionService#_doActivateExtension vscode.merge-conflict, startup: false, activationEvent: 'onStartupFinished'
2023-10-16 21:24:45.467 [info] ExtensionService#_doActivateExtension vscode.html-language-features, startup: false, activationEvent: 'onLanguage:html'
2023-10-16 21:24:45.569 [info] ExtensionService#_doActivateExtension vscode.emmet, startup: false, activationEvent: 'onLanguage'
2023-10-16 21:24:56.330 [info] ExtensionService#_doActivateExtension vscode.git, startup: false, activationEvent: 'api', root cause: vscode.github
2023-10-16 21:27:49.732 [info] ExtensionService#_doActivateExtension vscode.debug-server-ready, startup: false, activationEvent: 'onDebugResolve'
2023-10-16 21:27:49.747 [info] ExtensionService#_doActivateExtension ms-vscode.js-debug, startup: false, activationEvent: 'onDebugResolve:pwa-chrome'
2023-10-16 21:28:00.330 [info] ExtensionService#_doActivateExtension vscode.json-language-features, startup: false, activationEvent: 'onLanguage:jsonc'
2023-10-16 21:28:00.659 [info] ExtensionService#_doActivateExtension vscode.typescript-language-features, startup: false, activationEvent: 'onLanguage:jsonc'
2023-10-16 21:31:11.107 [info] ExtensionService#_doActivateExtension techer.open-in-browser, startup: false, activationEvent: 'onCommand:extension.openInDefaultBrowser'
2023-10-16 21:38:54.272 [info] Extension host terminating: renderer closed the MessagePort
2023-10-16 21:38:56.364 [info] Extension host with pid 1226 exiting with code 0
